<?xml version="1.0" encoding="UTF-8"?>
<!-- Generated by org.testng.reporters.JUnitReportReporter -->
<testsuite skipped="0" hostname="sacvd04045" name="com.bsc.qa.facets.afa.test.BorFileValidationTest" tests="8" failures="0" timestamp="14 Jun 2019 04:30:31 GMT" time="0.343" errors="0">
  <testcase name="testAllData" time="0.004" classname="com.bsc.qa.facets.afa.test.BorFileValidationTest"/>
  <testcase name="testAllData" time="0.004" classname="com.bsc.qa.facets.afa.test.BorFileValidationTest"/>
  <testcase name="testAllData" time="0.320" classname="com.bsc.qa.facets.afa.test.BorFileValidationTest"/>
  <testcase name="testAllData" time="0.003" classname="com.bsc.qa.facets.afa.test.BorFileValidationTest"/>
  <testcase name="testAllData" time="0.006" classname="com.bsc.qa.facets.afa.test.BorFileValidationTest"/>
  <testcase name="testAllData" time="0.002" classname="com.bsc.qa.facets.afa.test.BorFileValidationTest"/>
  <testcase name="testAllData" time="0.003" classname="com.bsc.qa.facets.afa.test.BorFileValidationTest"/>
  <testcase name="testAllData" time="0.001" classname="com.bsc.qa.facets.afa.test.BorFileValidationTest"/>
</testsuite> <!-- com.bsc.qa.facets.afa.test.BorFileValidationTest -->
