<?xml version="1.0" encoding="UTF-8"?>
<!-- Generated by org.testng.reporters.JUnitReportReporter -->
<testsuite skipped="0" hostname="sacvd04113" name="com.bsc.qa.facets.afa.test.TestFile" tests="4" failures="0" timestamp="15 May 2019 08:33:34 GMT" time="0.088" errors="0">
  <testcase name="testAllData" time="0.023" classname="com.bsc.qa.facets.afa.test.TestFile"/>
  <testcase name="testAllData" time="0.038" classname="com.bsc.qa.facets.afa.test.TestFile"/>
  <testcase name="testAllData" time="0.011" classname="com.bsc.qa.facets.afa.test.TestFile"/>
  <testcase name="testAllData" time="0.016" classname="com.bsc.qa.facets.afa.test.TestFile"/>
</testsuite> <!-- com.bsc.qa.facets.afa.test.TestFile -->
