<?xml version="1.0" encoding="UTF-8"?>
<!-- Generated by org.testng.reporters.JUnitReportReporter -->
<testsuite skipped="0" hostname="sacvd00096" name="com.bsc.qa.facets.afa.test.BorFileValidationTest" tests="7" failures="0" timestamp="17 Jun 2019 12:03:19 GMT" time="0.354" errors="0">
  <testcase name="testAllData" time="0.336" classname="com.bsc.qa.facets.afa.test.BorFileValidationTest"/>
  <testcase name="testAllData" time="0.002" classname="com.bsc.qa.facets.afa.test.BorFileValidationTest"/>
  <testcase name="testAllData" time="0.005" classname="com.bsc.qa.facets.afa.test.BorFileValidationTest"/>
  <testcase name="testAllData" time="0.003" classname="com.bsc.qa.facets.afa.test.BorFileValidationTest"/>
  <testcase name="testAllData" time="0.003" classname="com.bsc.qa.facets.afa.test.BorFileValidationTest"/>
  <testcase name="testAllData" time="0.003" classname="com.bsc.qa.facets.afa.test.BorFileValidationTest"/>
  <testcase name="testAllData" time="0.002" classname="com.bsc.qa.facets.afa.test.BorFileValidationTest"/>
</testsuite> <!-- com.bsc.qa.facets.afa.test.BorFileValidationTest -->
