<?xml version="1.0" encoding="UTF-8"?>
<!-- Generated by org.testng.reporters.JUnitReportReporter -->
<testsuite skipped="0" hostname="sacvd04279" name="com.bsc.qa.facets.afa.test.BorGeneratorTest" tests="1" failures="0" timestamp="21 Jun 2019 06:20:54 GMT" time="0.006" errors="0">
  <testcase name="testAll" time="0.006" classname="com.bsc.qa.facets.afa.test.BorGeneratorTest"/>
</testsuite> <!-- com.bsc.qa.facets.afa.test.BorGeneratorTest -->
