<?xml version="1.0" encoding="UTF-8"?>
<!-- Generated by org.testng.reporters.JUnitReportReporter -->
<testsuite skipped="0" hostname="sacvd04404" name="TestFile" tests="2" failures="0" timestamp="11 May 2019 15:59:50 GMT" time="0.031" errors="0">
  <testcase name="testAllData" time="0.015" classname="TestFile"/>
  <testcase name="testAllData" time="0.016" classname="TestFile"/>
</testsuite> <!-- TestFile -->
