<?xml version="1.0" encoding="UTF-8"?>
<!-- Generated by org.testng.reporters.JUnitReportReporter -->
<testsuite skipped="1" hostname="sacvd04429" name="com.bsc.qa.facets.afa.test.TestFile" tests="2" failures="0" timestamp="23 May 2019 08:07:13 GMT" time="0.000" errors="1">
  <testcase name="testAllData" time="0.000" classname="com.bsc.qa.facets.afa.test.TestFile">
    <skipped/>
  </testcase> <!-- testAllData -->
  <testcase name="getConnection" time="0.000" classname="com.bsc.qa.facets.afa.test.TestFile">
    <error type="org.testng.TestNGException" message="
Parameter &#039;db_user&#039; is required by BeforeSuite on method getConnection but has not been marked @Optional or defined
in C:\Users\skumar33\AppData\Local\Temp\testng-eclipse--187427774\testng-customsuite.xml">
      <![CDATA[org.testng.TestNGException: 
Parameter 'db_user' is required by BeforeSuite on method getConnection but has not been marked @Optional or defined
in C:\Users\skumar33\AppData\Local\Temp\testng-eclipse--187427774\testng-customsuite.xml
at org.testng.internal.Parameters.createParams(Parameters.java:290)
at org.testng.internal.Parameters.createParametersForMethod(Parameters.java:359)
at org.testng.internal.Parameters.createParameters(Parameters.java:620)
at org.testng.internal.Parameters.createConfigurationParameters(Parameters.java:190)
at org.testng.internal.Invoker.invokeConfigurations(Invoker.java:209)
at org.testng.internal.Invoker.invokeConfigurations(Invoker.java:142)
at org.testng.SuiteRunner.privateRun(SuiteRunner.java:401)
at org.testng.SuiteRunner.run(SuiteRunner.java:364)
at org.testng.SuiteRunnerWorker.runSuite(SuiteRunnerWorker.java:52)
at org.testng.SuiteRunnerWorker.run(SuiteRunnerWorker.java:84)
at org.testng.TestNG.runSuitesSequentially(TestNG.java:1208)
at org.testng.TestNG.runSuitesLocally(TestNG.java:1137)
at org.testng.TestNG.runSuites(TestNG.java:1049)
at org.testng.TestNG.run(TestNG.java:1017)
at org.testng.remote.AbstractRemoteTestNG.run(AbstractRemoteTestNG.java:114)
at org.testng.remote.RemoteTestNG.initAndRun(RemoteTestNG.java:251)
at org.testng.remote.RemoteTestNG.main(RemoteTestNG.java:77)
]]>
    </error>
  </testcase> <!-- getConnection -->
</testsuite> <!-- com.bsc.qa.facets.afa.test.TestFile -->
