<?xml version="1.0" encoding="UTF-8"?>
<!-- Generated by org.testng.reporters.JUnitReportReporter -->
<testsuite skipped="0" hostname="sacvd00096" name="com.bsc.qa.facets.afa.test.KeywordDBValidationTest" tests="7" failures="0" timestamp="17 Jun 2019 12:46:36 GMT" time="0.031" errors="0">
  <testcase name="testAllData" time="0.000" classname="com.bsc.qa.facets.afa.test.KeywordDBValidationTest"/>
  <testcase name="testAllData" time="0.003" classname="com.bsc.qa.facets.afa.test.KeywordDBValidationTest"/>
  <testcase name="testAllData" time="0.019" classname="com.bsc.qa.facets.afa.test.KeywordDBValidationTest"/>
  <testcase name="testAllData" time="0.005" classname="com.bsc.qa.facets.afa.test.KeywordDBValidationTest"/>
  <testcase name="testAllData" time="0.001" classname="com.bsc.qa.facets.afa.test.KeywordDBValidationTest"/>
  <testcase name="testAllData" time="0.002" classname="com.bsc.qa.facets.afa.test.KeywordDBValidationTest"/>
  <testcase name="testAllData" time="0.001" classname="com.bsc.qa.facets.afa.test.KeywordDBValidationTest"/>
</testsuite> <!-- com.bsc.qa.facets.afa.test.KeywordDBValidationTest -->
